This file contains any messages produced by compilers while
running configure, to aid debugging if configure makes a mistake.

It was created by Xdelta3 configure 3.0.7, which was
generated by GNU Autoconf 2.69.  Invocation command line was

  $ ./configure --host=arm-eabi LDLIBS=-lz CFLAGS=-DGENERIC_ENCODE_TABLES=1 -DREGRESSION_TEST=1 -DSECONDARY_DJW=1 -DSECONDARY_FGK=1 -DXD3_DEBUG=1 -DXD3_MAIN=1 -DXD_POSIX=1 -DXD3_USE_LARGEFILE64=1

## --------- ##
## Platform. ##
## --------- ##

hostname = build2
uname -m = x86_64
uname -r = 3.6.11-gentoo
uname -s = Linux
uname -v = #3 SMP PREEMPT Sun Feb 10 14:04:09 CET 2013

/usr/bin/uname -p = Intel(R) Core(TM) i7-3930K CPU @ 3.20GHz
/bin/uname -X     = unknown

/bin/arch              = unknown
/usr/bin/arch -k       = unknown
/usr/convex/getsysinfo = unknown
/usr/bin/hostinfo      = unknown
/bin/machine           = unknown
/usr/bin/oslevel       = unknown
/bin/universe          = unknown

PATH: ~/MK/prebuilts/gcc/linux-x86/arm/arm-linux-androideabi-4.7/bin
PATH: /usr/local/bin
PATH: /usr/bin
PATH: /bin
PATH: /opt/bin
PATH: /usr/x86_64-pc-linux-gnu/gcc-bin/4.6.3
PATH: /home/ryuinferno/apps/bin


## ----------- ##
## Core tests. ##
## ----------- ##

configure:2353: checking for a BSD-compatible install
configure:2421: result: /usr/bin/install -c
configure:2432: checking whether build environment is sane
configure:2487: result: yes
configure:2546: checking for arm-eabi-strip
configure:2576: result: no
configure:2586: checking for strip
configure:2602: found /usr/bin/strip
configure:2613: result: strip
configure:2638: checking for a thread-safe mkdir -p
configure:2677: result: /bin/mkdir -p
configure:2684: checking for gawk
configure:2700: found /usr/bin/gawk
configure:2711: result: gawk
configure:2722: checking whether make sets $(MAKE)
configure:2744: result: yes
configure:2816: checking how to create a ustar tar archive
configure:2829: tar --version
tar (GNU tar) 1.26
Copyright (C) 2011 Free Software Foundation, Inc.
License GPLv3+: GNU GPL version 3 or later <http://gnu.org/licenses/gpl.html>.
This is free software: you are free to change and redistribute it.
There is NO WARRANTY, to the extent permitted by law.

Written by John Gilmore and Jay Fenlason.
configure:2832: $? = 0
configure:2872: tardir=conftest.dir && eval tar --format=ustar -chf - "$tardir" >conftest.tar
configure:2875: $? = 0
configure:2879: tar -xf - <conftest.tar
configure:2882: $? = 0
configure:2895: result: gnutar
configure:2915: checking for style of include used by make
configure:2943: result: GNU
configure:2974: checking for arm-eabi-gcc
configure:3001: result: arm-linux-androideabi-gcc
configure:3270: checking for C compiler version
configure:3279: arm-linux-androideabi-gcc --version >&5
arm-linux-androideabi-gcc (GCC) 4.7
Copyright (C) 2012 Free Software Foundation, Inc.
This is free software; see the source for copying conditions.  There is NO
warranty; not even for MERCHANTABILITY or FITNESS FOR A PARTICULAR PURPOSE.

configure:3290: $? = 0
configure:3279: arm-linux-androideabi-gcc -v >&5
Using built-in specs.
COLLECT_GCC=arm-linux-androideabi-gcc
Target: arm-linux-androideabi
Configured with: /tmp/AOSP-toolchain/build/../gcc/gcc-4.7/configure --prefix=/tmp/toolchain-build-linux/prefix --target=arm-linux-androideabi --host=x86_64-linux-gnu --build=x86_64-linux-gnu --with-gnu-as --with-gnu-ld --enable-languages=c,c++ --with-gmp=/tmp/toolchain-build-linux/temp-install --with-mpfr=/tmp/toolchain-build-linux/temp-install --with-mpc=/tmp/toolchain-build-linux/temp-install --with-cloog=/tmp/toolchain-build-linux/temp-install --with-ppl=/tmp/toolchain-build-linux/temp-install --disable-ppl-version-check --disable-cloog-version-check --enable-cloog-backend=isl --with-host-libstdcxx='-static-libgcc -Wl,-Bstatic,-lstdc++,-Bdynamic -lm' --disable-libssp --enable-threads --disable-nls --disable-libmudflap --disable-libgomp --disable-libstdc__-v3 --disable-sjlj-exceptions --disable-shared --disable-tls --disable-libitm --with-float=soft --with-fpu=vfp --with-arch=armv5te --enable-target-optspace --enable-initfini-array --disable-nls --prefix=/tmp/toolchain-build-linux/prefix --with-sysroot=/tmp/toolchain-build-linux/prefix/sysroot --with-binutils-version=2.22 --with-mpfr-version=3.1.1 --with-mpc-version=1.0.1 --with-gmp-version=5.0.5 --with-gcc-version=4.7 --with-gdb-version=7.3.x --with-gxx-include-dir=/tmp/toolchain-build-linux/prefix/include/c++/4.7 --with-bugurl=http://source.android.com/source/report-bugs.html --disable-bootstrap --disable-libquadmath --enable-plugins --enable-libgomp --enable-gold --enable-graphite=yes --with-cloog-version=0.17.0 --with-ppl-version=1.0 --with-arch=armv5te --program-transform-name='s&^&arm-linux-androideabi-&' --enable-gold=default
Thread model: posix
gcc version 4.7 (GCC) 
configure:3290: $? = 0
configure:3279: arm-linux-androideabi-gcc -V >&5
arm-linux-androideabi-gcc: error: unrecognized command line option '-V'
arm-linux-androideabi-gcc: fatal error: no input files
compilation terminated.
configure:3290: $? = 1
configure:3279: arm-linux-androideabi-gcc -qversion >&5
arm-linux-androideabi-gcc: error: unrecognized command line option '-qversion'
arm-linux-androideabi-gcc: fatal error: no input files
compilation terminated.
configure:3290: $? = 1
configure:3310: checking whether the C compiler works
configure:3332: arm-linux-androideabi-gcc -DGENERIC_ENCODE_TABLES=1 -DREGRESSION_TEST=1 -DSECONDARY_DJW=1 -DSECONDARY_FGK=1 -DXD3_DEBUG=1 -DXD3_MAIN=1 -DXD_POSIX=1 -DXD3_USE_LARGEFILE64=1   conftest.c  >&5
arm-linux-androideabi-gcc: error trying to exec 'cc1': execvp: No such file or directory
configure:3336: $? = 1
configure:3374: result: no
configure: failed program was:
| /* confdefs.h */
| #define PACKAGE_NAME "Xdelta3"
| #define PACKAGE_TARNAME "xdelta3"
| #define PACKAGE_VERSION "3.0.7"
| #define PACKAGE_STRING "Xdelta3 3.0.7"
| #define PACKAGE_BUGREPORT "josh.macdonald@gmail.com"
| #define PACKAGE_URL "http://xdelta.org/"
| /* end confdefs.h.  */
| 
| int
| main ()
| {
| 
|   ;
|   return 0;
| }
configure:3379: error: in `/home/ryuinferno/xdelta3-3.0.7':
configure:3381: error: C compiler cannot create executables
See `config.log' for more details

## ---------------- ##
## Cache variables. ##
## ---------------- ##

ac_cv_env_CCC_set=
ac_cv_env_CCC_value=
ac_cv_env_CC_set=set
ac_cv_env_CC_value=arm-linux-androideabi-gcc
ac_cv_env_CFLAGS_set=set
ac_cv_env_CFLAGS_value='-DGENERIC_ENCODE_TABLES=1 -DREGRESSION_TEST=1 -DSECONDARY_DJW=1 -DSECONDARY_FGK=1 -DXD3_DEBUG=1 -DXD3_MAIN=1 -DXD_POSIX=1 -DXD3_USE_LARGEFILE64=1'
ac_cv_env_CPPFLAGS_set=
ac_cv_env_CPPFLAGS_value=
ac_cv_env_CPP_set=
ac_cv_env_CPP_value=
ac_cv_env_CXXFLAGS_set=
ac_cv_env_CXXFLAGS_value=
ac_cv_env_CXX_set=
ac_cv_env_CXX_value=
ac_cv_env_LDFLAGS_set=
ac_cv_env_LDFLAGS_value=
ac_cv_env_LIBS_set=
ac_cv_env_LIBS_value=
ac_cv_env_build_alias_set=
ac_cv_env_build_alias_value=
ac_cv_env_host_alias_set=set
ac_cv_env_host_alias_value=arm-eabi
ac_cv_env_target_alias_set=
ac_cv_env_target_alias_value=
ac_cv_path_install='/usr/bin/install -c'
ac_cv_path_mkdir=/bin/mkdir
ac_cv_prog_AWK=gawk
ac_cv_prog_CC=arm-linux-androideabi-gcc
ac_cv_prog_ac_ct_STRIP=strip
ac_cv_prog_make_make_set=yes
am_cv_prog_tar_ustar=gnutar

## ----------------- ##
## Output variables. ##
## ----------------- ##

ACLOCAL='${SHELL} /home/ryuinferno/xdelta3-3.0.7/missing --run aclocal-1.12'
AMDEPBACKSLASH='\'
AMDEP_FALSE='#'
AMDEP_TRUE=''
AMTAR='$${TAR-tar}'
AUTOCONF='${SHELL} /home/ryuinferno/xdelta3-3.0.7/missing --run autoconf'
AUTOHEADER='${SHELL} /home/ryuinferno/xdelta3-3.0.7/missing --run autoheader'
AUTOMAKE='${SHELL} /home/ryuinferno/xdelta3-3.0.7/missing --run automake-1.12'
AWK='gawk'
CC='arm-linux-androideabi-gcc'
CCDEPMODE=''
CFLAGS='-DGENERIC_ENCODE_TABLES=1 -DREGRESSION_TEST=1 -DSECONDARY_DJW=1 -DSECONDARY_FGK=1 -DXD3_DEBUG=1 -DXD3_MAIN=1 -DXD_POSIX=1 -DXD3_USE_LARGEFILE64=1'
CPP=''
CPPFLAGS=''
CXX=''
CXXDEPMODE=''
CXXFLAGS=''
CYGPATH_W='echo'
DEBUG_SYMBOLS_FALSE=''
DEBUG_SYMBOLS_TRUE=''
DEFS=''
DEPDIR='.deps'
ECHO_C=''
ECHO_N='-n'
ECHO_T=''
EGREP=''
EXEEXT=''
GREP=''
INSTALL_DATA='${INSTALL} -m 644'
INSTALL_PROGRAM='${INSTALL}'
INSTALL_SCRIPT='${INSTALL}'
INSTALL_STRIP_PROGRAM='$(install_sh) -c -s'
LDFLAGS=''
LIBOBJS=''
LIBS=''
LTLIBOBJS=''
MAKEINFO='${SHELL} /home/ryuinferno/xdelta3-3.0.7/missing --run makeinfo'
MKDIR_P='/bin/mkdir -p'
OBJEXT=''
PACKAGE='xdelta3'
PACKAGE_BUGREPORT='josh.macdonald@gmail.com'
PACKAGE_NAME='Xdelta3'
PACKAGE_STRING='Xdelta3 3.0.7'
PACKAGE_TARNAME='xdelta3'
PACKAGE_URL='http://xdelta.org/'
PACKAGE_VERSION='3.0.7'
PATH_SEPARATOR=':'
SET_MAKE=''
SHELL='/bin/sh'
STRIP='strip'
VERSION='3.0.7'
ac_ct_CC=''
ac_ct_CXX=''
am__EXEEXT_FALSE=''
am__EXEEXT_TRUE=''
am__fastdepCC_FALSE=''
am__fastdepCC_TRUE=''
am__fastdepCXX_FALSE=''
am__fastdepCXX_TRUE=''
am__include='include'
am__isrc=''
am__leading_dot='.'
am__nodep='_no'
am__quote=''
am__tar='tar --format=ustar -chf - "$$tardir"'
am__untar='tar -xf -'
bindir='${exec_prefix}/bin'
build_alias=''
datadir='${datarootdir}'
datarootdir='${prefix}/share'
docdir='${datarootdir}/doc/${PACKAGE_TARNAME}'
dvidir='${docdir}'
exec_prefix='NONE'
host_alias='arm-eabi'
htmldir='${docdir}'
includedir='${prefix}/include'
infodir='${datarootdir}/info'
install_sh='${SHELL} /home/ryuinferno/xdelta3-3.0.7/install-sh'
libdir='${exec_prefix}/lib'
libexecdir='${exec_prefix}/libexec'
localedir='${datarootdir}/locale'
localstatedir='${prefix}/var'
mandir='${datarootdir}/man'
mkdir_p='$(MKDIR_P)'
oldincludedir='/usr/include'
pdfdir='${docdir}'
prefix='NONE'
program_transform_name='s,x,x,'
psdir='${docdir}'
sbindir='${exec_prefix}/sbin'
sharedstatedir='${prefix}/com'
sysconfdir='${prefix}/etc'
target_alias=''

## ----------- ##
## confdefs.h. ##
## ----------- ##

/* confdefs.h */
#define PACKAGE_NAME "Xdelta3"
#define PACKAGE_TARNAME "xdelta3"
#define PACKAGE_VERSION "3.0.7"
#define PACKAGE_STRING "Xdelta3 3.0.7"
#define PACKAGE_BUGREPORT "josh.macdonald@gmail.com"
#define PACKAGE_URL "http://xdelta.org/"

configure: exit 77
